[2024-07-31 21:50:22,545] Iteration = 1
[2024-07-31 21:50:22,548] kernel: 1**2 * Matern(length_scale=1, nu=0.5) + WhiteKernel(noise_level=1e-05)
scaler: StandardScaler()
features: ['pot Evap']

[2024-07-31 21:50:22,938] Iteration = 2
[2024-07-31 21:50:22,944] kernel: 1**2 * Matern(length_scale=1, nu=1.5) + WhiteKernel(noise_level=1e-05)
scaler: StandardScaler()
features: ['pot Evap']

[2024-07-31 21:50:23,139] Iteration = 3
[2024-07-31 21:50:23,141] kernel: 1**2 * Matern(length_scale=1, nu=2.5) + WhiteKernel(noise_level=1e-05)
scaler: StandardScaler()
features: ['pot Evap']

[2024-07-31 21:50:23,366] Iteration = 4
[2024-07-31 21:50:23,379] kernel: 1**2 * Matern(length_scale=1, nu=inf) + WhiteKernel(noise_level=1e-05)
scaler: StandardScaler()
features: ['pot Evap']

[2024-07-31 21:50:23,454] Iteration = 5
[2024-07-31 21:50:23,459] kernel: 1**2 * Matern(length_scale=1, nu=0.5)
scaler: StandardScaler()
features: ['pot Evap']

[2024-07-31 21:50:23,557] Iteration = 6
[2024-07-31 21:50:23,561] kernel: 1**2 * Matern(length_scale=1, nu=1.5)
scaler: StandardScaler()
features: ['pot Evap']

[2024-07-31 21:50:23,645] Iteration = 7
[2024-07-31 21:50:23,661] kernel: 1**2 * Matern(length_scale=1, nu=2.5)
scaler: StandardScaler()
features: ['pot Evap']

[2024-07-31 21:50:24,006] Iteration = 8
[2024-07-31 21:50:24,013] kernel: 1**2 * Matern(length_scale=1, nu=inf)
scaler: StandardScaler()
features: ['pot Evap']

[2024-07-31 21:50:34,884] kernel_learned: 0.722**2 * Matern(length_scale=1.4, nu=0.5) + WhiteKernel(noise_level=0.761)
kernel: 1**2 * Matern(length_scale=1, nu=0.5) + WhiteKernel(noise_level=1e-05)
scaler: StandardScaler()
features: ['pot Evap']
log marginal likelihood (LML): -125.56715650039129
R2_test: -0.1254993606015229
RMSE_test: 14.385699627685065
MAE_test: 10.767596649378904
[2024-07-31 21:50:34,885] Iteration time: 12.34 seconds

[2024-07-31 21:50:34,890] Iteration = 9
[2024-07-31 21:50:34,891] kernel: 1**2 * Matern(length_scale=1, nu=0.5) + WhiteKernel(noise_level=1e-05)
scaler: QuantileTransformer(n_quantiles=92, random_state=0)
features: ['pot Evap']

[2024-07-31 21:50:35,915] kernel_learned: 3.16**2 * Matern(length_scale=0.001, nu=0.5)
kernel: 1**2 * Matern(length_scale=1, nu=0.5)
scaler: StandardScaler()
features: ['pot Evap']
log marginal likelihood (LML): -61771261684.37053
R2_test: -0.41074168515688747
RMSE_test: 16.10579293777741
MAE_test: 11.588564285220368
[2024-07-31 21:50:35,916] Iteration time: 12.46 seconds

[2024-07-31 21:50:35,920] Iteration = 10
[2024-07-31 21:50:35,921] kernel: 1**2 * Matern(length_scale=1, nu=1.5) + WhiteKernel(noise_level=1e-05)
scaler: QuantileTransformer(n_quantiles=92, random_state=0)
features: ['pot Evap']

[2024-07-31 21:50:36,751] kernel_learned: 0.755**2 * Matern(length_scale=1.02, nu=2.5) + WhiteKernel(noise_level=0.797)
kernel: 1**2 * Matern(length_scale=1, nu=2.5) + WhiteKernel(noise_level=1e-05)
scaler: StandardScaler()
features: ['pot Evap']
log marginal likelihood (LML): -125.53054978693824
R2_test: -0.07301525866084924
RMSE_test: 14.046279650562317
MAE_test: 10.672223334417817
[2024-07-31 21:50:36,753] Iteration time: 13.61 seconds

[2024-07-31 21:50:36,757] Iteration = 11
[2024-07-31 21:50:36,758] kernel: 1**2 * Matern(length_scale=1, nu=2.5) + WhiteKernel(noise_level=1e-05)
scaler: QuantileTransformer(n_quantiles=92, random_state=0)
features: ['pot Evap']

[2024-07-31 21:50:36,965] kernel_learned: 3.16**2 * Matern(length_scale=0.001, nu=2.5)
kernel: 1**2 * Matern(length_scale=1, nu=2.5)
scaler: StandardScaler()
features: ['pot Evap']
log marginal likelihood (LML): -61771031062.069695
R2_test: -0.41096101049291867
RMSE_test: 16.107044857672367
MAE_test: 11.587786856469432
[2024-07-31 21:50:36,966] Iteration time: 13.32 seconds

[2024-07-31 21:50:36,974] Iteration = 12
[2024-07-31 21:50:36,975] kernel: 1**2 * Matern(length_scale=1, nu=inf) + WhiteKernel(noise_level=1e-05)
scaler: QuantileTransformer(n_quantiles=92, random_state=0)
features: ['pot Evap']

[2024-07-31 21:50:37,009] kernel_learned: 0.749**2 * Matern(length_scale=1.08, nu=1.5) + WhiteKernel(noise_level=0.791)
kernel: 1**2 * Matern(length_scale=1, nu=1.5) + WhiteKernel(noise_level=1e-05)
scaler: StandardScaler()
features: ['pot Evap']
log marginal likelihood (LML): -125.53066868471149
R2_test: -0.08028019138152764
RMSE_test: 14.093750146309311
MAE_test: 10.686826085292957
[2024-07-31 21:50:37,011] Iteration time: 14.07 seconds

[2024-07-31 21:50:37,028] Iteration = 13
[2024-07-31 21:50:37,029] kernel: 1**2 * Matern(length_scale=1, nu=0.5)
scaler: QuantileTransformer(n_quantiles=92, random_state=0)
features: ['pot Evap']

[2024-07-31 21:50:37,561] kernel_learned: 3.16**2 * Matern(length_scale=0.00109, nu=inf)
kernel: 1**2 * Matern(length_scale=1, nu=inf)
scaler: StandardScaler()
features: ['pot Evap']
log marginal likelihood (LML): -61770972725.921616
R2_test: -0.4105778737470005
RMSE_test: 16.104857830638707
MAE_test: 11.588667300682463
[2024-07-31 21:50:37,562] Iteration time: 13.56 seconds

[2024-07-31 21:50:37,566] Iteration = 14
[2024-07-31 21:50:37,567] kernel: 1**2 * Matern(length_scale=1, nu=1.5)
scaler: QuantileTransformer(n_quantiles=92, random_state=0)
features: ['pot Evap']

[2024-07-31 21:50:37,568] kernel_learned: 0.785**2 * Matern(length_scale=0.946, nu=inf) + WhiteKernel(noise_level=0.801)
kernel: 1**2 * Matern(length_scale=1, nu=inf) + WhiteKernel(noise_level=1e-05)
scaler: StandardScaler()
features: ['pot Evap']
log marginal likelihood (LML): -125.4479039004485
R2_test: -0.06707146523974172
RMSE_test: 14.007322085634389
MAE_test: 10.654011292429576
[2024-07-31 21:50:37,570] Iteration time: 14.20 seconds

[2024-07-31 21:50:37,574] Iteration = 15
[2024-07-31 21:50:37,575] kernel: 1**2 * Matern(length_scale=1, nu=2.5)
scaler: QuantileTransformer(n_quantiles=92, random_state=0)
features: ['pot Evap']

[2024-07-31 21:50:39,853] kernel_learned: 3.16**2 * Matern(length_scale=0.001, nu=1.5)
kernel: 1**2 * Matern(length_scale=1, nu=1.5)
scaler: StandardScaler()
features: ['pot Evap']
log marginal likelihood (LML): -61771012594.77693
R2_test: -0.4108563896809352
RMSE_test: 16.106447689027082
MAE_test: 11.588090458044338
[2024-07-31 21:50:39,855] Iteration time: 16.30 seconds

[2024-07-31 21:50:39,858] Iteration = 16
[2024-07-31 21:50:39,858] kernel: 1**2 * Matern(length_scale=1, nu=inf)
scaler: QuantileTransformer(n_quantiles=92, random_state=0)
features: ['pot Evap']

[2024-07-31 21:50:45,062] kernel_learned: 2.15**2 * Matern(length_scale=0.0188, nu=0.5)
kernel: 1**2 * Matern(length_scale=1, nu=0.5)
scaler: QuantileTransformer(n_quantiles=92, random_state=0)
features: ['pot Evap']
log marginal likelihood (LML): -61771705550.60915
R2_test: -0.19539766373148937
RMSE_test: 14.825677988487538
MAE_test: 11.873303997503998
[2024-07-31 21:50:45,063] Iteration time: 8.03 seconds

[2024-07-31 21:50:46,779] kernel_learned: 0.553**2 * Matern(length_scale=0.152, nu=0.5) + WhiteKernel(noise_level=0.747)
kernel: 1**2 * Matern(length_scale=1, nu=0.5) + WhiteKernel(noise_level=1e-05)
scaler: QuantileTransformer(n_quantiles=92, random_state=0)
features: ['pot Evap']
log marginal likelihood (LML): -125.63516423636179
R2_test: -0.17697145126551206
RMSE_test: 14.710970549740223
MAE_test: 11.052223292718622
[2024-07-31 21:50:46,781] Iteration time: 11.89 seconds

[2024-07-31 21:50:47,256] kernel_learned: 0.564**2 * Matern(length_scale=0.183, nu=inf) + WhiteKernel(noise_level=0.808)
kernel: 1**2 * Matern(length_scale=1, nu=inf) + WhiteKernel(noise_level=1e-05)
scaler: QuantileTransformer(n_quantiles=92, random_state=0)
features: ['pot Evap']
log marginal likelihood (LML): -125.63675217874865
R2_test: -0.15855431945102616
RMSE_test: 14.595418832434879
MAE_test: 11.06481184741735
[2024-07-31 21:50:47,257] Iteration time: 10.28 seconds

[2024-07-31 21:50:48,953] kernel_learned: 0.548**2 * Matern(length_scale=0.183, nu=2.5) + WhiteKernel(noise_level=0.801)
kernel: 1**2 * Matern(length_scale=1, nu=2.5) + WhiteKernel(noise_level=1e-05)
scaler: QuantileTransformer(n_quantiles=92, random_state=0)
features: ['pot Evap']
log marginal likelihood (LML): -125.68094329627948
R2_test: -0.1663225247430009
RMSE_test: 14.644268845954691
MAE_test: 11.097893360066815
[2024-07-31 21:50:48,955] Iteration time: 12.20 seconds

[2024-07-31 21:50:49,114] kernel_learned: 0.543**2 * Matern(length_scale=0.186, nu=1.5) + WhiteKernel(noise_level=0.796)
kernel: 1**2 * Matern(length_scale=1, nu=1.5) + WhiteKernel(noise_level=1e-05)
scaler: QuantileTransformer(n_quantiles=92, random_state=0)
features: ['pot Evap']
log marginal likelihood (LML): -125.70939696700631
R2_test: -0.1670154782110329
RMSE_test: 14.648618539039013
MAE_test: 11.089013335332886
[2024-07-31 21:50:49,116] Iteration time: 13.19 seconds

[2024-07-31 21:50:49,477] kernel_learned: 3.16**2 * Matern(length_scale=0.001, nu=1.5)
kernel: 1**2 * Matern(length_scale=1, nu=1.5)
scaler: QuantileTransformer(n_quantiles=92, random_state=0)
features: ['pot Evap']
log marginal likelihood (LML): -61770828609.791504
R2_test: -0.24687193337817903
RMSE_test: 15.141513438577181
MAE_test: 11.023168371863477
[2024-07-31 21:50:49,479] Iteration time: 11.91 seconds

[2024-07-31 21:50:49,574] kernel_learned: 3.16**2 * Matern(length_scale=0.001, nu=inf)
kernel: 1**2 * Matern(length_scale=1, nu=inf)
scaler: QuantileTransformer(n_quantiles=92, random_state=0)
features: ['pot Evap']
log marginal likelihood (LML): -61770831643.364685
R2_test: -0.25627748721168686
RMSE_test: 15.198514785295762
MAE_test: 11.179572747565624
[2024-07-31 21:50:49,575] Iteration time: 9.72 seconds

[2024-07-31 21:50:49,859] kernel_learned: 3.16**2 * Matern(length_scale=0.001, nu=2.5)
kernel: 1**2 * Matern(length_scale=1, nu=2.5)
scaler: QuantileTransformer(n_quantiles=92, random_state=0)
features: ['pot Evap']
log marginal likelihood (LML): -61771067761.06088
R2_test: -0.2498073164325343
RMSE_test: 15.15932601931244
MAE_test: 11.071619367451671
[2024-07-31 21:50:49,860] Iteration time: 12.28 seconds

[2024-07-31 21:50:50,032] 
Total number of iterations: 16
[2024-07-31 21:50:50,032] Best iteration: 3
[2024-07-31 21:50:50,032] Best R2 score: -0.06707146523974172
[2024-07-31 21:50:50,032] kernel_learned: 0.785**2 * Matern(length_scale=0.946, nu=inf) + WhiteKernel(noise_level=0.801)
kernel: 1**2 * Matern(length_scale=1, nu=inf) + WhiteKernel(noise_level=1e-05)
scaler: StandardScaler()
features: ['pot Evap']
log marginal likelihood (LML): -125.4479039004485
R2_test: -0.06707146523974172
RMSE_test: 14.007322085634389
MAE_test: 10.654011292429576
[2024-07-31 21:50:53,934] 
Running time: 
45.401 seconds / 0:00:45.400727
[2024-07-31 21:51:00,066] Writing output to ../output_data/gpr_workspace_of_['pot Evap']_w_outliers_in_WV14.pkl
