[2024-07-31 21:50:35,895 WARNING: ConvergenceWarning in iteration 5: lbfgs failed to converge (status=2):
ABNORMAL_TERMINATION_IN_LNSRCH.

Increase the number of iterations (max_iter) or scale the data as shown in:
    https://scikit-learn.org/stable/modules/preprocessing.html
[2024-07-31 21:50:35,895 WARNING: ConvergenceWarning in iteration 5: lbfgs failed to converge (status=2):
ABNORMAL_TERMINATION_IN_LNSRCH.

Increase the number of iterations (max_iter) or scale the data as shown in:
    https://scikit-learn.org/stable/modules/preprocessing.html
[2024-07-31 21:50:35,897 WARNING: ConvergenceWarning in iteration 5: lbfgs failed to converge (status=2):
ABNORMAL_TERMINATION_IN_LNSRCH.

Increase the number of iterations (max_iter) or scale the data as shown in:
    https://scikit-learn.org/stable/modules/preprocessing.html
[2024-07-31 21:50:35,897 WARNING: ConvergenceWarning in iteration 5: lbfgs failed to converge (status=2):
ABNORMAL_TERMINATION_IN_LNSRCH.

Increase the number of iterations (max_iter) or scale the data as shown in:
    https://scikit-learn.org/stable/modules/preprocessing.html
[2024-07-31 21:50:35,898 WARNING: ConvergenceWarning in iteration 5: lbfgs failed to converge (status=2):
ABNORMAL_TERMINATION_IN_LNSRCH.

Increase the number of iterations (max_iter) or scale the data as shown in:
    https://scikit-learn.org/stable/modules/preprocessing.html
[2024-07-31 21:50:35,898 WARNING: ConvergenceWarning in iteration 5: lbfgs failed to converge (status=2):
ABNORMAL_TERMINATION_IN_LNSRCH.

Increase the number of iterations (max_iter) or scale the data as shown in:
    https://scikit-learn.org/stable/modules/preprocessing.html
[2024-07-31 21:50:35,898 WARNING: ConvergenceWarning in iteration 5: lbfgs failed to converge (status=2):
ABNORMAL_TERMINATION_IN_LNSRCH.

Increase the number of iterations (max_iter) or scale the data as shown in:
    https://scikit-learn.org/stable/modules/preprocessing.html
[2024-07-31 21:50:35,898 WARNING: ConvergenceWarning in iteration 5: lbfgs failed to converge (status=2):
ABNORMAL_TERMINATION_IN_LNSRCH.

Increase the number of iterations (max_iter) or scale the data as shown in:
    https://scikit-learn.org/stable/modules/preprocessing.html
[2024-07-31 21:50:35,898 WARNING: ConvergenceWarning in iteration 5: lbfgs failed to converge (status=2):
ABNORMAL_TERMINATION_IN_LNSRCH.

Increase the number of iterations (max_iter) or scale the data as shown in:
    https://scikit-learn.org/stable/modules/preprocessing.html
[2024-07-31 21:50:35,899 WARNING: ConvergenceWarning in iteration 5: lbfgs failed to converge (status=2):
ABNORMAL_TERMINATION_IN_LNSRCH.

Increase the number of iterations (max_iter) or scale the data as shown in:
    https://scikit-learn.org/stable/modules/preprocessing.html
[2024-07-31 21:50:35,899 WARNING: ConvergenceWarning in iteration 5: lbfgs failed to converge (status=2):
ABNORMAL_TERMINATION_IN_LNSRCH.

Increase the number of iterations (max_iter) or scale the data as shown in:
    https://scikit-learn.org/stable/modules/preprocessing.html
[2024-07-31 21:50:35,899 WARNING: ConvergenceWarning in iteration 5: lbfgs failed to converge (status=2):
ABNORMAL_TERMINATION_IN_LNSRCH.

Increase the number of iterations (max_iter) or scale the data as shown in:
    https://scikit-learn.org/stable/modules/preprocessing.html
[2024-07-31 21:50:35,899 WARNING: ConvergenceWarning in iteration 5: lbfgs failed to converge (status=2):
ABNORMAL_TERMINATION_IN_LNSRCH.

Increase the number of iterations (max_iter) or scale the data as shown in:
    https://scikit-learn.org/stable/modules/preprocessing.html
[2024-07-31 21:50:35,899 WARNING: ConvergenceWarning in iteration 5: lbfgs failed to converge (status=2):
ABNORMAL_TERMINATION_IN_LNSRCH.

Increase the number of iterations (max_iter) or scale the data as shown in:
    https://scikit-learn.org/stable/modules/preprocessing.html
[2024-07-31 21:50:35,900 WARNING: ConvergenceWarning in iteration 5: lbfgs failed to converge (status=2):
ABNORMAL_TERMINATION_IN_LNSRCH.

Increase the number of iterations (max_iter) or scale the data as shown in:
    https://scikit-learn.org/stable/modules/preprocessing.html
[2024-07-31 21:50:35,900 WARNING: ConvergenceWarning in iteration 5: lbfgs failed to converge (status=2):
ABNORMAL_TERMINATION_IN_LNSRCH.

Increase the number of iterations (max_iter) or scale the data as shown in:
    https://scikit-learn.org/stable/modules/preprocessing.html
[2024-07-31 21:50:35,903 WARNING: ConvergenceWarning in iteration 5: lbfgs failed to converge (status=2):
ABNORMAL_TERMINATION_IN_LNSRCH.

Increase the number of iterations (max_iter) or scale the data as shown in:
    https://scikit-learn.org/stable/modules/preprocessing.html
[2024-07-31 21:50:35,903 WARNING: ConvergenceWarning in iteration 5: lbfgs failed to converge (status=2):
ABNORMAL_TERMINATION_IN_LNSRCH.

Increase the number of iterations (max_iter) or scale the data as shown in:
    https://scikit-learn.org/stable/modules/preprocessing.html
[2024-07-31 21:50:35,903 WARNING: ConvergenceWarning in iteration 5: lbfgs failed to converge (status=2):
ABNORMAL_TERMINATION_IN_LNSRCH.

Increase the number of iterations (max_iter) or scale the data as shown in:
    https://scikit-learn.org/stable/modules/preprocessing.html
[2024-07-31 21:50:35,904 WARNING: ConvergenceWarning in iteration 5: lbfgs failed to converge (status=2):
ABNORMAL_TERMINATION_IN_LNSRCH.

Increase the number of iterations (max_iter) or scale the data as shown in:
    https://scikit-learn.org/stable/modules/preprocessing.html
[2024-07-31 21:50:35,904 WARNING: ConvergenceWarning in iteration 5: lbfgs failed to converge (status=2):
ABNORMAL_TERMINATION_IN_LNSRCH.

Increase the number of iterations (max_iter) or scale the data as shown in:
    https://scikit-learn.org/stable/modules/preprocessing.html
[2024-07-31 21:50:35,904 WARNING: ConvergenceWarning in iteration 5: lbfgs failed to converge (status=2):
ABNORMAL_TERMINATION_IN_LNSRCH.

Increase the number of iterations (max_iter) or scale the data as shown in:
    https://scikit-learn.org/stable/modules/preprocessing.html
[2024-07-31 21:50:35,904 WARNING: ConvergenceWarning in iteration 5: lbfgs failed to converge (status=2):
ABNORMAL_TERMINATION_IN_LNSRCH.

Increase the number of iterations (max_iter) or scale the data as shown in:
    https://scikit-learn.org/stable/modules/preprocessing.html
[2024-07-31 21:50:35,905 WARNING: ConvergenceWarning in iteration 5: lbfgs failed to converge (status=2):
ABNORMAL_TERMINATION_IN_LNSRCH.

Increase the number of iterations (max_iter) or scale the data as shown in:
    https://scikit-learn.org/stable/modules/preprocessing.html
[2024-07-31 21:50:35,905 WARNING: ConvergenceWarning in iteration 5: lbfgs failed to converge (status=2):
ABNORMAL_TERMINATION_IN_LNSRCH.

Increase the number of iterations (max_iter) or scale the data as shown in:
    https://scikit-learn.org/stable/modules/preprocessing.html
[2024-07-31 21:50:35,905 WARNING: ConvergenceWarning in iteration 5: The optimal value found for dimension 0 of parameter k1__constant_value is close to the specified upper bound 10.0. Increasing the bound and calling fit again may find a better value.
[2024-07-31 21:50:35,905 WARNING: ConvergenceWarning in iteration 5: The optimal value found for dimension 0 of parameter k2__length_scale is close to the specified lower bound 0.001. Decreasing the bound and calling fit again may find a better value.
[2024-07-31 21:50:36,940 WARNING: ConvergenceWarning in iteration 7: lbfgs failed to converge (status=2):
ABNORMAL_TERMINATION_IN_LNSRCH.

Increase the number of iterations (max_iter) or scale the data as shown in:
    https://scikit-learn.org/stable/modules/preprocessing.html
[2024-07-31 21:50:36,940 WARNING: ConvergenceWarning in iteration 7: lbfgs failed to converge (status=2):
ABNORMAL_TERMINATION_IN_LNSRCH.

Increase the number of iterations (max_iter) or scale the data as shown in:
    https://scikit-learn.org/stable/modules/preprocessing.html
[2024-07-31 21:50:36,940 WARNING: ConvergenceWarning in iteration 7: lbfgs failed to converge (status=2):
ABNORMAL_TERMINATION_IN_LNSRCH.

Increase the number of iterations (max_iter) or scale the data as shown in:
    https://scikit-learn.org/stable/modules/preprocessing.html
[2024-07-31 21:50:36,941 WARNING: ConvergenceWarning in iteration 7: lbfgs failed to converge (status=2):
ABNORMAL_TERMINATION_IN_LNSRCH.

Increase the number of iterations (max_iter) or scale the data as shown in:
    https://scikit-learn.org/stable/modules/preprocessing.html
[2024-07-31 21:50:36,941 WARNING: ConvergenceWarning in iteration 7: lbfgs failed to converge (status=2):
ABNORMAL_TERMINATION_IN_LNSRCH.

Increase the number of iterations (max_iter) or scale the data as shown in:
    https://scikit-learn.org/stable/modules/preprocessing.html
[2024-07-31 21:50:36,941 WARNING: ConvergenceWarning in iteration 7: lbfgs failed to converge (status=2):
ABNORMAL_TERMINATION_IN_LNSRCH.

Increase the number of iterations (max_iter) or scale the data as shown in:
    https://scikit-learn.org/stable/modules/preprocessing.html
[2024-07-31 21:50:36,941 WARNING: ConvergenceWarning in iteration 7: lbfgs failed to converge (status=2):
ABNORMAL_TERMINATION_IN_LNSRCH.

Increase the number of iterations (max_iter) or scale the data as shown in:
    https://scikit-learn.org/stable/modules/preprocessing.html
[2024-07-31 21:50:36,941 WARNING: ConvergenceWarning in iteration 7: lbfgs failed to converge (status=2):
ABNORMAL_TERMINATION_IN_LNSRCH.

Increase the number of iterations (max_iter) or scale the data as shown in:
    https://scikit-learn.org/stable/modules/preprocessing.html
[2024-07-31 21:50:36,942 WARNING: ConvergenceWarning in iteration 7: lbfgs failed to converge (status=2):
ABNORMAL_TERMINATION_IN_LNSRCH.

Increase the number of iterations (max_iter) or scale the data as shown in:
    https://scikit-learn.org/stable/modules/preprocessing.html
[2024-07-31 21:50:36,942 WARNING: ConvergenceWarning in iteration 7: lbfgs failed to converge (status=2):
ABNORMAL_TERMINATION_IN_LNSRCH.

Increase the number of iterations (max_iter) or scale the data as shown in:
    https://scikit-learn.org/stable/modules/preprocessing.html
[2024-07-31 21:50:36,942 WARNING: ConvergenceWarning in iteration 7: lbfgs failed to converge (status=2):
ABNORMAL_TERMINATION_IN_LNSRCH.

Increase the number of iterations (max_iter) or scale the data as shown in:
    https://scikit-learn.org/stable/modules/preprocessing.html
[2024-07-31 21:50:36,942 WARNING: ConvergenceWarning in iteration 7: lbfgs failed to converge (status=2):
ABNORMAL_TERMINATION_IN_LNSRCH.

Increase the number of iterations (max_iter) or scale the data as shown in:
    https://scikit-learn.org/stable/modules/preprocessing.html
[2024-07-31 21:50:36,942 WARNING: ConvergenceWarning in iteration 7: lbfgs failed to converge (status=2):
ABNORMAL_TERMINATION_IN_LNSRCH.

Increase the number of iterations (max_iter) or scale the data as shown in:
    https://scikit-learn.org/stable/modules/preprocessing.html
[2024-07-31 21:50:36,942 WARNING: ConvergenceWarning in iteration 7: lbfgs failed to converge (status=2):
ABNORMAL_TERMINATION_IN_LNSRCH.

Increase the number of iterations (max_iter) or scale the data as shown in:
    https://scikit-learn.org/stable/modules/preprocessing.html
[2024-07-31 21:50:36,943 WARNING: ConvergenceWarning in iteration 7: lbfgs failed to converge (status=2):
ABNORMAL_TERMINATION_IN_LNSRCH.

Increase the number of iterations (max_iter) or scale the data as shown in:
    https://scikit-learn.org/stable/modules/preprocessing.html
[2024-07-31 21:50:36,946 WARNING: ConvergenceWarning in iteration 7: lbfgs failed to converge (status=2):
ABNORMAL_TERMINATION_IN_LNSRCH.

Increase the number of iterations (max_iter) or scale the data as shown in:
    https://scikit-learn.org/stable/modules/preprocessing.html
[2024-07-31 21:50:36,946 WARNING: ConvergenceWarning in iteration 7: lbfgs failed to converge (status=2):
ABNORMAL_TERMINATION_IN_LNSRCH.

Increase the number of iterations (max_iter) or scale the data as shown in:
    https://scikit-learn.org/stable/modules/preprocessing.html
[2024-07-31 21:50:36,946 WARNING: ConvergenceWarning in iteration 7: lbfgs failed to converge (status=2):
ABNORMAL_TERMINATION_IN_LNSRCH.

Increase the number of iterations (max_iter) or scale the data as shown in:
    https://scikit-learn.org/stable/modules/preprocessing.html
[2024-07-31 21:50:36,947 WARNING: ConvergenceWarning in iteration 7: lbfgs failed to converge (status=2):
ABNORMAL_TERMINATION_IN_LNSRCH.

Increase the number of iterations (max_iter) or scale the data as shown in:
    https://scikit-learn.org/stable/modules/preprocessing.html
[2024-07-31 21:50:36,947 WARNING: ConvergenceWarning in iteration 7: The optimal value found for dimension 0 of parameter k1__constant_value is close to the specified upper bound 10.0. Increasing the bound and calling fit again may find a better value.
[2024-07-31 21:50:36,947 WARNING: ConvergenceWarning in iteration 7: The optimal value found for dimension 0 of parameter k2__length_scale is close to the specified lower bound 0.001. Decreasing the bound and calling fit again may find a better value.
[2024-07-31 21:50:37,543 WARNING: ConvergenceWarning in iteration 8: lbfgs failed to converge (status=2):
ABNORMAL_TERMINATION_IN_LNSRCH.

Increase the number of iterations (max_iter) or scale the data as shown in:
    https://scikit-learn.org/stable/modules/preprocessing.html
[2024-07-31 21:50:37,543 WARNING: ConvergenceWarning in iteration 8: lbfgs failed to converge (status=2):
ABNORMAL_TERMINATION_IN_LNSRCH.

Increase the number of iterations (max_iter) or scale the data as shown in:
    https://scikit-learn.org/stable/modules/preprocessing.html
[2024-07-31 21:50:37,544 WARNING: ConvergenceWarning in iteration 8: lbfgs failed to converge (status=2):
ABNORMAL_TERMINATION_IN_LNSRCH.

Increase the number of iterations (max_iter) or scale the data as shown in:
    https://scikit-learn.org/stable/modules/preprocessing.html
[2024-07-31 21:50:37,544 WARNING: ConvergenceWarning in iteration 8: lbfgs failed to converge (status=2):
ABNORMAL_TERMINATION_IN_LNSRCH.

Increase the number of iterations (max_iter) or scale the data as shown in:
    https://scikit-learn.org/stable/modules/preprocessing.html
[2024-07-31 21:50:37,544 WARNING: ConvergenceWarning in iteration 8: lbfgs failed to converge (status=2):
ABNORMAL_TERMINATION_IN_LNSRCH.

Increase the number of iterations (max_iter) or scale the data as shown in:
    https://scikit-learn.org/stable/modules/preprocessing.html
[2024-07-31 21:50:37,545 WARNING: ConvergenceWarning in iteration 8: lbfgs failed to converge (status=2):
ABNORMAL_TERMINATION_IN_LNSRCH.

Increase the number of iterations (max_iter) or scale the data as shown in:
    https://scikit-learn.org/stable/modules/preprocessing.html
[2024-07-31 21:50:37,545 WARNING: ConvergenceWarning in iteration 8: lbfgs failed to converge (status=2):
ABNORMAL_TERMINATION_IN_LNSRCH.

Increase the number of iterations (max_iter) or scale the data as shown in:
    https://scikit-learn.org/stable/modules/preprocessing.html
[2024-07-31 21:50:37,545 WARNING: ConvergenceWarning in iteration 8: lbfgs failed to converge (status=2):
ABNORMAL_TERMINATION_IN_LNSRCH.

Increase the number of iterations (max_iter) or scale the data as shown in:
    https://scikit-learn.org/stable/modules/preprocessing.html
[2024-07-31 21:50:37,545 WARNING: ConvergenceWarning in iteration 8: lbfgs failed to converge (status=2):
ABNORMAL_TERMINATION_IN_LNSRCH.

Increase the number of iterations (max_iter) or scale the data as shown in:
    https://scikit-learn.org/stable/modules/preprocessing.html
[2024-07-31 21:50:37,545 WARNING: ConvergenceWarning in iteration 8: lbfgs failed to converge (status=2):
ABNORMAL_TERMINATION_IN_LNSRCH.

Increase the number of iterations (max_iter) or scale the data as shown in:
    https://scikit-learn.org/stable/modules/preprocessing.html
[2024-07-31 21:50:37,546 WARNING: ConvergenceWarning in iteration 8: lbfgs failed to converge (status=2):
ABNORMAL_TERMINATION_IN_LNSRCH.

Increase the number of iterations (max_iter) or scale the data as shown in:
    https://scikit-learn.org/stable/modules/preprocessing.html
[2024-07-31 21:50:37,546 WARNING: ConvergenceWarning in iteration 8: lbfgs failed to converge (status=2):
ABNORMAL_TERMINATION_IN_LNSRCH.

Increase the number of iterations (max_iter) or scale the data as shown in:
    https://scikit-learn.org/stable/modules/preprocessing.html
[2024-07-31 21:50:37,546 WARNING: ConvergenceWarning in iteration 8: lbfgs failed to converge (status=2):
ABNORMAL_TERMINATION_IN_LNSRCH.

Increase the number of iterations (max_iter) or scale the data as shown in:
    https://scikit-learn.org/stable/modules/preprocessing.html
[2024-07-31 21:50:37,546 WARNING: ConvergenceWarning in iteration 8: lbfgs failed to converge (status=2):
ABNORMAL_TERMINATION_IN_LNSRCH.

Increase the number of iterations (max_iter) or scale the data as shown in:
    https://scikit-learn.org/stable/modules/preprocessing.html
[2024-07-31 21:50:37,546 WARNING: ConvergenceWarning in iteration 8: lbfgs failed to converge (status=2):
ABNORMAL_TERMINATION_IN_LNSRCH.

Increase the number of iterations (max_iter) or scale the data as shown in:
    https://scikit-learn.org/stable/modules/preprocessing.html
[2024-07-31 21:50:37,548 WARNING: ConvergenceWarning in iteration 8: lbfgs failed to converge (status=2):
ABNORMAL_TERMINATION_IN_LNSRCH.

Increase the number of iterations (max_iter) or scale the data as shown in:
    https://scikit-learn.org/stable/modules/preprocessing.html
[2024-07-31 21:50:37,548 WARNING: ConvergenceWarning in iteration 8: lbfgs failed to converge (status=2):
ABNORMAL_TERMINATION_IN_LNSRCH.

Increase the number of iterations (max_iter) or scale the data as shown in:
    https://scikit-learn.org/stable/modules/preprocessing.html
[2024-07-31 21:50:37,548 WARNING: ConvergenceWarning in iteration 8: lbfgs failed to converge (status=2):
ABNORMAL_TERMINATION_IN_LNSRCH.

Increase the number of iterations (max_iter) or scale the data as shown in:
    https://scikit-learn.org/stable/modules/preprocessing.html
[2024-07-31 21:50:37,548 WARNING: ConvergenceWarning in iteration 8: lbfgs failed to converge (status=2):
ABNORMAL_TERMINATION_IN_LNSRCH.

Increase the number of iterations (max_iter) or scale the data as shown in:
    https://scikit-learn.org/stable/modules/preprocessing.html
[2024-07-31 21:50:37,549 WARNING: ConvergenceWarning in iteration 8: lbfgs failed to converge (status=2):
ABNORMAL_TERMINATION_IN_LNSRCH.

Increase the number of iterations (max_iter) or scale the data as shown in:
    https://scikit-learn.org/stable/modules/preprocessing.html
[2024-07-31 21:50:37,549 WARNING: ConvergenceWarning in iteration 8: lbfgs failed to converge (status=2):
ABNORMAL_TERMINATION_IN_LNSRCH.

Increase the number of iterations (max_iter) or scale the data as shown in:
    https://scikit-learn.org/stable/modules/preprocessing.html
[2024-07-31 21:50:37,549 WARNING: ConvergenceWarning in iteration 8: lbfgs failed to converge (status=2):
ABNORMAL_TERMINATION_IN_LNSRCH.

Increase the number of iterations (max_iter) or scale the data as shown in:
    https://scikit-learn.org/stable/modules/preprocessing.html
[2024-07-31 21:50:37,549 WARNING: ConvergenceWarning in iteration 8: lbfgs failed to converge (status=2):
ABNORMAL_TERMINATION_IN_LNSRCH.

Increase the number of iterations (max_iter) or scale the data as shown in:
    https://scikit-learn.org/stable/modules/preprocessing.html
[2024-07-31 21:50:37,549 WARNING: ConvergenceWarning in iteration 8: lbfgs failed to converge (status=2):
ABNORMAL_TERMINATION_IN_LNSRCH.

Increase the number of iterations (max_iter) or scale the data as shown in:
    https://scikit-learn.org/stable/modules/preprocessing.html
[2024-07-31 21:50:37,550 WARNING: ConvergenceWarning in iteration 8: lbfgs failed to converge (status=2):
ABNORMAL_TERMINATION_IN_LNSRCH.

Increase the number of iterations (max_iter) or scale the data as shown in:
    https://scikit-learn.org/stable/modules/preprocessing.html
[2024-07-31 21:50:37,550 WARNING: ConvergenceWarning in iteration 8: The optimal value found for dimension 0 of parameter k1__constant_value is close to the specified upper bound 10.0. Increasing the bound and calling fit again may find a better value.
[2024-07-31 21:50:39,833 WARNING: ConvergenceWarning in iteration 6: lbfgs failed to converge (status=2):
ABNORMAL_TERMINATION_IN_LNSRCH.

Increase the number of iterations (max_iter) or scale the data as shown in:
    https://scikit-learn.org/stable/modules/preprocessing.html
[2024-07-31 21:50:39,834 WARNING: ConvergenceWarning in iteration 6: lbfgs failed to converge (status=2):
ABNORMAL_TERMINATION_IN_LNSRCH.

Increase the number of iterations (max_iter) or scale the data as shown in:
    https://scikit-learn.org/stable/modules/preprocessing.html
[2024-07-31 21:50:39,834 WARNING: ConvergenceWarning in iteration 6: lbfgs failed to converge (status=2):
ABNORMAL_TERMINATION_IN_LNSRCH.

Increase the number of iterations (max_iter) or scale the data as shown in:
    https://scikit-learn.org/stable/modules/preprocessing.html
[2024-07-31 21:50:39,834 WARNING: ConvergenceWarning in iteration 6: lbfgs failed to converge (status=2):
ABNORMAL_TERMINATION_IN_LNSRCH.

Increase the number of iterations (max_iter) or scale the data as shown in:
    https://scikit-learn.org/stable/modules/preprocessing.html
[2024-07-31 21:50:39,834 WARNING: ConvergenceWarning in iteration 6: lbfgs failed to converge (status=2):
ABNORMAL_TERMINATION_IN_LNSRCH.

Increase the number of iterations (max_iter) or scale the data as shown in:
    https://scikit-learn.org/stable/modules/preprocessing.html
[2024-07-31 21:50:39,835 WARNING: ConvergenceWarning in iteration 6: lbfgs failed to converge (status=2):
ABNORMAL_TERMINATION_IN_LNSRCH.

Increase the number of iterations (max_iter) or scale the data as shown in:
    https://scikit-learn.org/stable/modules/preprocessing.html
[2024-07-31 21:50:39,835 WARNING: ConvergenceWarning in iteration 6: lbfgs failed to converge (status=2):
ABNORMAL_TERMINATION_IN_LNSRCH.

Increase the number of iterations (max_iter) or scale the data as shown in:
    https://scikit-learn.org/stable/modules/preprocessing.html
[2024-07-31 21:50:39,835 WARNING: ConvergenceWarning in iteration 6: lbfgs failed to converge (status=2):
ABNORMAL_TERMINATION_IN_LNSRCH.

Increase the number of iterations (max_iter) or scale the data as shown in:
    https://scikit-learn.org/stable/modules/preprocessing.html
[2024-07-31 21:50:39,835 WARNING: ConvergenceWarning in iteration 6: lbfgs failed to converge (status=2):
ABNORMAL_TERMINATION_IN_LNSRCH.

Increase the number of iterations (max_iter) or scale the data as shown in:
    https://scikit-learn.org/stable/modules/preprocessing.html
[2024-07-31 21:50:39,835 WARNING: ConvergenceWarning in iteration 6: lbfgs failed to converge (status=2):
ABNORMAL_TERMINATION_IN_LNSRCH.

Increase the number of iterations (max_iter) or scale the data as shown in:
    https://scikit-learn.org/stable/modules/preprocessing.html
[2024-07-31 21:50:39,836 WARNING: ConvergenceWarning in iteration 6: lbfgs failed to converge (status=2):
ABNORMAL_TERMINATION_IN_LNSRCH.

Increase the number of iterations (max_iter) or scale the data as shown in:
    https://scikit-learn.org/stable/modules/preprocessing.html
[2024-07-31 21:50:39,836 WARNING: ConvergenceWarning in iteration 6: lbfgs failed to converge (status=2):
ABNORMAL_TERMINATION_IN_LNSRCH.

Increase the number of iterations (max_iter) or scale the data as shown in:
    https://scikit-learn.org/stable/modules/preprocessing.html
[2024-07-31 21:50:39,837 WARNING: ConvergenceWarning in iteration 6: lbfgs failed to converge (status=2):
ABNORMAL_TERMINATION_IN_LNSRCH.

Increase the number of iterations (max_iter) or scale the data as shown in:
    https://scikit-learn.org/stable/modules/preprocessing.html
[2024-07-31 21:50:39,837 WARNING: ConvergenceWarning in iteration 6: lbfgs failed to converge (status=2):
ABNORMAL_TERMINATION_IN_LNSRCH.

Increase the number of iterations (max_iter) or scale the data as shown in:
    https://scikit-learn.org/stable/modules/preprocessing.html
[2024-07-31 21:50:39,837 WARNING: ConvergenceWarning in iteration 6: lbfgs failed to converge (status=2):
ABNORMAL_TERMINATION_IN_LNSRCH.

Increase the number of iterations (max_iter) or scale the data as shown in:
    https://scikit-learn.org/stable/modules/preprocessing.html
[2024-07-31 21:50:39,838 WARNING: ConvergenceWarning in iteration 6: lbfgs failed to converge (status=2):
ABNORMAL_TERMINATION_IN_LNSRCH.

Increase the number of iterations (max_iter) or scale the data as shown in:
    https://scikit-learn.org/stable/modules/preprocessing.html
[2024-07-31 21:50:39,838 WARNING: ConvergenceWarning in iteration 6: lbfgs failed to converge (status=2):
ABNORMAL_TERMINATION_IN_LNSRCH.

Increase the number of iterations (max_iter) or scale the data as shown in:
    https://scikit-learn.org/stable/modules/preprocessing.html
[2024-07-31 21:50:39,838 WARNING: ConvergenceWarning in iteration 6: lbfgs failed to converge (status=2):
ABNORMAL_TERMINATION_IN_LNSRCH.

Increase the number of iterations (max_iter) or scale the data as shown in:
    https://scikit-learn.org/stable/modules/preprocessing.html
[2024-07-31 21:50:39,838 WARNING: ConvergenceWarning in iteration 6: lbfgs failed to converge (status=2):
ABNORMAL_TERMINATION_IN_LNSRCH.

Increase the number of iterations (max_iter) or scale the data as shown in:
    https://scikit-learn.org/stable/modules/preprocessing.html
[2024-07-31 21:50:39,838 WARNING: ConvergenceWarning in iteration 6: lbfgs failed to converge (status=2):
ABNORMAL_TERMINATION_IN_LNSRCH.

Increase the number of iterations (max_iter) or scale the data as shown in:
    https://scikit-learn.org/stable/modules/preprocessing.html
[2024-07-31 21:50:39,838 WARNING: ConvergenceWarning in iteration 6: lbfgs failed to converge (status=2):
ABNORMAL_TERMINATION_IN_LNSRCH.

Increase the number of iterations (max_iter) or scale the data as shown in:
    https://scikit-learn.org/stable/modules/preprocessing.html
[2024-07-31 21:50:39,838 WARNING: ConvergenceWarning in iteration 6: lbfgs failed to converge (status=2):
ABNORMAL_TERMINATION_IN_LNSRCH.

Increase the number of iterations (max_iter) or scale the data as shown in:
    https://scikit-learn.org/stable/modules/preprocessing.html
[2024-07-31 21:50:39,838 WARNING: ConvergenceWarning in iteration 6: lbfgs failed to converge (status=2):
ABNORMAL_TERMINATION_IN_LNSRCH.

Increase the number of iterations (max_iter) or scale the data as shown in:
    https://scikit-learn.org/stable/modules/preprocessing.html
[2024-07-31 21:50:39,838 WARNING: ConvergenceWarning in iteration 6: lbfgs failed to converge (status=2):
ABNORMAL_TERMINATION_IN_LNSRCH.

Increase the number of iterations (max_iter) or scale the data as shown in:
    https://scikit-learn.org/stable/modules/preprocessing.html
[2024-07-31 21:50:39,838 WARNING: ConvergenceWarning in iteration 6: lbfgs failed to converge (status=2):
ABNORMAL_TERMINATION_IN_LNSRCH.

Increase the number of iterations (max_iter) or scale the data as shown in:
    https://scikit-learn.org/stable/modules/preprocessing.html
[2024-07-31 21:50:39,838 WARNING: ConvergenceWarning in iteration 6: lbfgs failed to converge (status=2):
ABNORMAL_TERMINATION_IN_LNSRCH.

Increase the number of iterations (max_iter) or scale the data as shown in:
    https://scikit-learn.org/stable/modules/preprocessing.html
[2024-07-31 21:50:39,839 WARNING: ConvergenceWarning in iteration 6: lbfgs failed to converge (status=2):
ABNORMAL_TERMINATION_IN_LNSRCH.

Increase the number of iterations (max_iter) or scale the data as shown in:
    https://scikit-learn.org/stable/modules/preprocessing.html
[2024-07-31 21:50:39,839 WARNING: ConvergenceWarning in iteration 6: lbfgs failed to converge (status=2):
ABNORMAL_TERMINATION_IN_LNSRCH.

Increase the number of iterations (max_iter) or scale the data as shown in:
    https://scikit-learn.org/stable/modules/preprocessing.html
[2024-07-31 21:50:39,839 WARNING: ConvergenceWarning in iteration 6: lbfgs failed to converge (status=2):
ABNORMAL_TERMINATION_IN_LNSRCH.

Increase the number of iterations (max_iter) or scale the data as shown in:
    https://scikit-learn.org/stable/modules/preprocessing.html
[2024-07-31 21:50:39,839 WARNING: ConvergenceWarning in iteration 6: lbfgs failed to converge (status=2):
ABNORMAL_TERMINATION_IN_LNSRCH.

Increase the number of iterations (max_iter) or scale the data as shown in:
    https://scikit-learn.org/stable/modules/preprocessing.html
[2024-07-31 21:50:39,839 WARNING: ConvergenceWarning in iteration 6: lbfgs failed to converge (status=2):
ABNORMAL_TERMINATION_IN_LNSRCH.

Increase the number of iterations (max_iter) or scale the data as shown in:
    https://scikit-learn.org/stable/modules/preprocessing.html
[2024-07-31 21:50:39,840 WARNING: ConvergenceWarning in iteration 6: lbfgs failed to converge (status=2):
ABNORMAL_TERMINATION_IN_LNSRCH.

Increase the number of iterations (max_iter) or scale the data as shown in:
    https://scikit-learn.org/stable/modules/preprocessing.html
[2024-07-31 21:50:39,840 WARNING: ConvergenceWarning in iteration 6: The optimal value found for dimension 0 of parameter k2__length_scale is close to the specified lower bound 0.001. Decreasing the bound and calling fit again may find a better value.
[2024-07-31 21:50:45,050 WARNING: ConvergenceWarning in iteration 13: lbfgs failed to converge (status=2):
ABNORMAL_TERMINATION_IN_LNSRCH.

Increase the number of iterations (max_iter) or scale the data as shown in:
    https://scikit-learn.org/stable/modules/preprocessing.html
[2024-07-31 21:50:45,051 WARNING: ConvergenceWarning in iteration 13: lbfgs failed to converge (status=2):
ABNORMAL_TERMINATION_IN_LNSRCH.

Increase the number of iterations (max_iter) or scale the data as shown in:
    https://scikit-learn.org/stable/modules/preprocessing.html
[2024-07-31 21:50:45,051 WARNING: ConvergenceWarning in iteration 13: lbfgs failed to converge (status=2):
ABNORMAL_TERMINATION_IN_LNSRCH.

Increase the number of iterations (max_iter) or scale the data as shown in:
    https://scikit-learn.org/stable/modules/preprocessing.html
[2024-07-31 21:50:45,051 WARNING: ConvergenceWarning in iteration 13: lbfgs failed to converge (status=2):
ABNORMAL_TERMINATION_IN_LNSRCH.

Increase the number of iterations (max_iter) or scale the data as shown in:
    https://scikit-learn.org/stable/modules/preprocessing.html
[2024-07-31 21:50:45,051 WARNING: ConvergenceWarning in iteration 13: lbfgs failed to converge (status=2):
ABNORMAL_TERMINATION_IN_LNSRCH.

Increase the number of iterations (max_iter) or scale the data as shown in:
    https://scikit-learn.org/stable/modules/preprocessing.html
[2024-07-31 21:50:45,052 WARNING: ConvergenceWarning in iteration 13: lbfgs failed to converge (status=2):
ABNORMAL_TERMINATION_IN_LNSRCH.

Increase the number of iterations (max_iter) or scale the data as shown in:
    https://scikit-learn.org/stable/modules/preprocessing.html
[2024-07-31 21:50:45,052 WARNING: ConvergenceWarning in iteration 13: lbfgs failed to converge (status=2):
ABNORMAL_TERMINATION_IN_LNSRCH.

Increase the number of iterations (max_iter) or scale the data as shown in:
    https://scikit-learn.org/stable/modules/preprocessing.html
[2024-07-31 21:50:45,052 WARNING: ConvergenceWarning in iteration 13: lbfgs failed to converge (status=2):
ABNORMAL_TERMINATION_IN_LNSRCH.

Increase the number of iterations (max_iter) or scale the data as shown in:
    https://scikit-learn.org/stable/modules/preprocessing.html
[2024-07-31 21:50:49,467 WARNING: ConvergenceWarning in iteration 14: lbfgs failed to converge (status=2):
ABNORMAL_TERMINATION_IN_LNSRCH.

Increase the number of iterations (max_iter) or scale the data as shown in:
    https://scikit-learn.org/stable/modules/preprocessing.html
[2024-07-31 21:50:49,467 WARNING: ConvergenceWarning in iteration 14: lbfgs failed to converge (status=2):
ABNORMAL_TERMINATION_IN_LNSRCH.

Increase the number of iterations (max_iter) or scale the data as shown in:
    https://scikit-learn.org/stable/modules/preprocessing.html
[2024-07-31 21:50:49,468 WARNING: ConvergenceWarning in iteration 14: lbfgs failed to converge (status=2):
ABNORMAL_TERMINATION_IN_LNSRCH.

Increase the number of iterations (max_iter) or scale the data as shown in:
    https://scikit-learn.org/stable/modules/preprocessing.html
[2024-07-31 21:50:49,468 WARNING: ConvergenceWarning in iteration 14: lbfgs failed to converge (status=2):
ABNORMAL_TERMINATION_IN_LNSRCH.

Increase the number of iterations (max_iter) or scale the data as shown in:
    https://scikit-learn.org/stable/modules/preprocessing.html
[2024-07-31 21:50:49,468 WARNING: ConvergenceWarning in iteration 14: lbfgs failed to converge (status=2):
ABNORMAL_TERMINATION_IN_LNSRCH.

Increase the number of iterations (max_iter) or scale the data as shown in:
    https://scikit-learn.org/stable/modules/preprocessing.html
[2024-07-31 21:50:49,468 WARNING: ConvergenceWarning in iteration 14: lbfgs failed to converge (status=2):
ABNORMAL_TERMINATION_IN_LNSRCH.

Increase the number of iterations (max_iter) or scale the data as shown in:
    https://scikit-learn.org/stable/modules/preprocessing.html
[2024-07-31 21:50:49,468 WARNING: ConvergenceWarning in iteration 14: lbfgs failed to converge (status=2):
ABNORMAL_TERMINATION_IN_LNSRCH.

Increase the number of iterations (max_iter) or scale the data as shown in:
    https://scikit-learn.org/stable/modules/preprocessing.html
[2024-07-31 21:50:49,469 WARNING: ConvergenceWarning in iteration 14: lbfgs failed to converge (status=2):
ABNORMAL_TERMINATION_IN_LNSRCH.

Increase the number of iterations (max_iter) or scale the data as shown in:
    https://scikit-learn.org/stable/modules/preprocessing.html
[2024-07-31 21:50:49,469 WARNING: ConvergenceWarning in iteration 14: lbfgs failed to converge (status=2):
ABNORMAL_TERMINATION_IN_LNSRCH.

Increase the number of iterations (max_iter) or scale the data as shown in:
    https://scikit-learn.org/stable/modules/preprocessing.html
[2024-07-31 21:50:49,469 WARNING: ConvergenceWarning in iteration 14: lbfgs failed to converge (status=2):
ABNORMAL_TERMINATION_IN_LNSRCH.

Increase the number of iterations (max_iter) or scale the data as shown in:
    https://scikit-learn.org/stable/modules/preprocessing.html
[2024-07-31 21:50:49,469 WARNING: ConvergenceWarning in iteration 14: lbfgs failed to converge (status=2):
ABNORMAL_TERMINATION_IN_LNSRCH.

Increase the number of iterations (max_iter) or scale the data as shown in:
    https://scikit-learn.org/stable/modules/preprocessing.html
[2024-07-31 21:50:49,469 WARNING: ConvergenceWarning in iteration 14: lbfgs failed to converge (status=2):
ABNORMAL_TERMINATION_IN_LNSRCH.

Increase the number of iterations (max_iter) or scale the data as shown in:
    https://scikit-learn.org/stable/modules/preprocessing.html
[2024-07-31 21:50:49,470 WARNING: ConvergenceWarning in iteration 14: lbfgs failed to converge (status=2):
ABNORMAL_TERMINATION_IN_LNSRCH.

Increase the number of iterations (max_iter) or scale the data as shown in:
    https://scikit-learn.org/stable/modules/preprocessing.html
[2024-07-31 21:50:49,470 WARNING: ConvergenceWarning in iteration 14: lbfgs failed to converge (status=2):
ABNORMAL_TERMINATION_IN_LNSRCH.

Increase the number of iterations (max_iter) or scale the data as shown in:
    https://scikit-learn.org/stable/modules/preprocessing.html
[2024-07-31 21:50:49,470 WARNING: ConvergenceWarning in iteration 14: lbfgs failed to converge (status=2):
ABNORMAL_TERMINATION_IN_LNSRCH.

Increase the number of iterations (max_iter) or scale the data as shown in:
    https://scikit-learn.org/stable/modules/preprocessing.html
[2024-07-31 21:50:49,471 WARNING: ConvergenceWarning in iteration 14: lbfgs failed to converge (status=2):
ABNORMAL_TERMINATION_IN_LNSRCH.

Increase the number of iterations (max_iter) or scale the data as shown in:
    https://scikit-learn.org/stable/modules/preprocessing.html
[2024-07-31 21:50:49,471 WARNING: ConvergenceWarning in iteration 14: lbfgs failed to converge (status=2):
ABNORMAL_TERMINATION_IN_LNSRCH.

Increase the number of iterations (max_iter) or scale the data as shown in:
    https://scikit-learn.org/stable/modules/preprocessing.html
[2024-07-31 21:50:49,471 WARNING: ConvergenceWarning in iteration 14: The optimal value found for dimension 0 of parameter k1__constant_value is close to the specified upper bound 10.0. Increasing the bound and calling fit again may find a better value.
[2024-07-31 21:50:49,471 WARNING: ConvergenceWarning in iteration 14: The optimal value found for dimension 0 of parameter k2__length_scale is close to the specified lower bound 0.001. Decreasing the bound and calling fit again may find a better value.
[2024-07-31 21:50:49,561 WARNING: ConvergenceWarning in iteration 16: lbfgs failed to converge (status=2):
ABNORMAL_TERMINATION_IN_LNSRCH.

Increase the number of iterations (max_iter) or scale the data as shown in:
    https://scikit-learn.org/stable/modules/preprocessing.html
[2024-07-31 21:50:49,561 WARNING: ConvergenceWarning in iteration 16: lbfgs failed to converge (status=2):
ABNORMAL_TERMINATION_IN_LNSRCH.

Increase the number of iterations (max_iter) or scale the data as shown in:
    https://scikit-learn.org/stable/modules/preprocessing.html
[2024-07-31 21:50:49,561 WARNING: ConvergenceWarning in iteration 16: lbfgs failed to converge (status=2):
ABNORMAL_TERMINATION_IN_LNSRCH.

Increase the number of iterations (max_iter) or scale the data as shown in:
    https://scikit-learn.org/stable/modules/preprocessing.html
[2024-07-31 21:50:49,562 WARNING: ConvergenceWarning in iteration 16: lbfgs failed to converge (status=2):
ABNORMAL_TERMINATION_IN_LNSRCH.

Increase the number of iterations (max_iter) or scale the data as shown in:
    https://scikit-learn.org/stable/modules/preprocessing.html
[2024-07-31 21:50:49,562 WARNING: ConvergenceWarning in iteration 16: lbfgs failed to converge (status=2):
ABNORMAL_TERMINATION_IN_LNSRCH.

Increase the number of iterations (max_iter) or scale the data as shown in:
    https://scikit-learn.org/stable/modules/preprocessing.html
[2024-07-31 21:50:49,562 WARNING: ConvergenceWarning in iteration 16: lbfgs failed to converge (status=2):
ABNORMAL_TERMINATION_IN_LNSRCH.

Increase the number of iterations (max_iter) or scale the data as shown in:
    https://scikit-learn.org/stable/modules/preprocessing.html
[2024-07-31 21:50:49,562 WARNING: ConvergenceWarning in iteration 16: lbfgs failed to converge (status=2):
ABNORMAL_TERMINATION_IN_LNSRCH.

Increase the number of iterations (max_iter) or scale the data as shown in:
    https://scikit-learn.org/stable/modules/preprocessing.html
[2024-07-31 21:50:49,562 WARNING: ConvergenceWarning in iteration 16: lbfgs failed to converge (status=2):
ABNORMAL_TERMINATION_IN_LNSRCH.

Increase the number of iterations (max_iter) or scale the data as shown in:
    https://scikit-learn.org/stable/modules/preprocessing.html
[2024-07-31 21:50:49,563 WARNING: ConvergenceWarning in iteration 16: lbfgs failed to converge (status=2):
ABNORMAL_TERMINATION_IN_LNSRCH.

Increase the number of iterations (max_iter) or scale the data as shown in:
    https://scikit-learn.org/stable/modules/preprocessing.html
[2024-07-31 21:50:49,563 WARNING: ConvergenceWarning in iteration 16: lbfgs failed to converge (status=2):
ABNORMAL_TERMINATION_IN_LNSRCH.

Increase the number of iterations (max_iter) or scale the data as shown in:
    https://scikit-learn.org/stable/modules/preprocessing.html
[2024-07-31 21:50:49,563 WARNING: ConvergenceWarning in iteration 16: lbfgs failed to converge (status=2):
ABNORMAL_TERMINATION_IN_LNSRCH.

Increase the number of iterations (max_iter) or scale the data as shown in:
    https://scikit-learn.org/stable/modules/preprocessing.html
[2024-07-31 21:50:49,563 WARNING: ConvergenceWarning in iteration 16: lbfgs failed to converge (status=2):
ABNORMAL_TERMINATION_IN_LNSRCH.

Increase the number of iterations (max_iter) or scale the data as shown in:
    https://scikit-learn.org/stable/modules/preprocessing.html
[2024-07-31 21:50:49,563 WARNING: ConvergenceWarning in iteration 16: lbfgs failed to converge (status=2):
ABNORMAL_TERMINATION_IN_LNSRCH.

Increase the number of iterations (max_iter) or scale the data as shown in:
    https://scikit-learn.org/stable/modules/preprocessing.html
[2024-07-31 21:50:49,564 WARNING: ConvergenceWarning in iteration 16: lbfgs failed to converge (status=2):
ABNORMAL_TERMINATION_IN_LNSRCH.

Increase the number of iterations (max_iter) or scale the data as shown in:
    https://scikit-learn.org/stable/modules/preprocessing.html
[2024-07-31 21:50:49,564 WARNING: ConvergenceWarning in iteration 16: lbfgs failed to converge (status=2):
ABNORMAL_TERMINATION_IN_LNSRCH.

Increase the number of iterations (max_iter) or scale the data as shown in:
    https://scikit-learn.org/stable/modules/preprocessing.html
[2024-07-31 21:50:49,567 WARNING: ConvergenceWarning in iteration 16: lbfgs failed to converge (status=2):
ABNORMAL_TERMINATION_IN_LNSRCH.

Increase the number of iterations (max_iter) or scale the data as shown in:
    https://scikit-learn.org/stable/modules/preprocessing.html
[2024-07-31 21:50:49,567 WARNING: ConvergenceWarning in iteration 16: lbfgs failed to converge (status=2):
ABNORMAL_TERMINATION_IN_LNSRCH.

Increase the number of iterations (max_iter) or scale the data as shown in:
    https://scikit-learn.org/stable/modules/preprocessing.html
[2024-07-31 21:50:49,567 WARNING: ConvergenceWarning in iteration 16: lbfgs failed to converge (status=2):
ABNORMAL_TERMINATION_IN_LNSRCH.

Increase the number of iterations (max_iter) or scale the data as shown in:
    https://scikit-learn.org/stable/modules/preprocessing.html
[2024-07-31 21:50:49,567 WARNING: ConvergenceWarning in iteration 16: lbfgs failed to converge (status=2):
ABNORMAL_TERMINATION_IN_LNSRCH.

Increase the number of iterations (max_iter) or scale the data as shown in:
    https://scikit-learn.org/stable/modules/preprocessing.html
[2024-07-31 21:50:49,568 WARNING: ConvergenceWarning in iteration 16: lbfgs failed to converge (status=2):
ABNORMAL_TERMINATION_IN_LNSRCH.

Increase the number of iterations (max_iter) or scale the data as shown in:
    https://scikit-learn.org/stable/modules/preprocessing.html
[2024-07-31 21:50:49,568 WARNING: ConvergenceWarning in iteration 16: The optimal value found for dimension 0 of parameter k1__constant_value is close to the specified upper bound 10.0. Increasing the bound and calling fit again may find a better value.
[2024-07-31 21:50:49,568 WARNING: ConvergenceWarning in iteration 16: The optimal value found for dimension 0 of parameter k2__length_scale is close to the specified lower bound 0.001. Decreasing the bound and calling fit again may find a better value.
[2024-07-31 21:50:49,847 WARNING: ConvergenceWarning in iteration 15: lbfgs failed to converge (status=2):
ABNORMAL_TERMINATION_IN_LNSRCH.

Increase the number of iterations (max_iter) or scale the data as shown in:
    https://scikit-learn.org/stable/modules/preprocessing.html
[2024-07-31 21:50:49,847 WARNING: ConvergenceWarning in iteration 15: lbfgs failed to converge (status=2):
ABNORMAL_TERMINATION_IN_LNSRCH.

Increase the number of iterations (max_iter) or scale the data as shown in:
    https://scikit-learn.org/stable/modules/preprocessing.html
[2024-07-31 21:50:49,847 WARNING: ConvergenceWarning in iteration 15: lbfgs failed to converge (status=2):
ABNORMAL_TERMINATION_IN_LNSRCH.

Increase the number of iterations (max_iter) or scale the data as shown in:
    https://scikit-learn.org/stable/modules/preprocessing.html
[2024-07-31 21:50:49,847 WARNING: ConvergenceWarning in iteration 15: lbfgs failed to converge (status=2):
ABNORMAL_TERMINATION_IN_LNSRCH.

Increase the number of iterations (max_iter) or scale the data as shown in:
    https://scikit-learn.org/stable/modules/preprocessing.html
[2024-07-31 21:50:49,847 WARNING: ConvergenceWarning in iteration 15: lbfgs failed to converge (status=2):
ABNORMAL_TERMINATION_IN_LNSRCH.

Increase the number of iterations (max_iter) or scale the data as shown in:
    https://scikit-learn.org/stable/modules/preprocessing.html
[2024-07-31 21:50:49,847 WARNING: ConvergenceWarning in iteration 15: lbfgs failed to converge (status=2):
ABNORMAL_TERMINATION_IN_LNSRCH.

Increase the number of iterations (max_iter) or scale the data as shown in:
    https://scikit-learn.org/stable/modules/preprocessing.html
[2024-07-31 21:50:49,848 WARNING: ConvergenceWarning in iteration 15: lbfgs failed to converge (status=2):
ABNORMAL_TERMINATION_IN_LNSRCH.

Increase the number of iterations (max_iter) or scale the data as shown in:
    https://scikit-learn.org/stable/modules/preprocessing.html
[2024-07-31 21:50:49,848 WARNING: ConvergenceWarning in iteration 15: lbfgs failed to converge (status=2):
ABNORMAL_TERMINATION_IN_LNSRCH.

Increase the number of iterations (max_iter) or scale the data as shown in:
    https://scikit-learn.org/stable/modules/preprocessing.html
[2024-07-31 21:50:49,848 WARNING: ConvergenceWarning in iteration 15: lbfgs failed to converge (status=2):
ABNORMAL_TERMINATION_IN_LNSRCH.

Increase the number of iterations (max_iter) or scale the data as shown in:
    https://scikit-learn.org/stable/modules/preprocessing.html
[2024-07-31 21:50:49,848 WARNING: ConvergenceWarning in iteration 15: lbfgs failed to converge (status=2):
ABNORMAL_TERMINATION_IN_LNSRCH.

Increase the number of iterations (max_iter) or scale the data as shown in:
    https://scikit-learn.org/stable/modules/preprocessing.html
[2024-07-31 21:50:49,848 WARNING: ConvergenceWarning in iteration 15: lbfgs failed to converge (status=2):
ABNORMAL_TERMINATION_IN_LNSRCH.

Increase the number of iterations (max_iter) or scale the data as shown in:
    https://scikit-learn.org/stable/modules/preprocessing.html
[2024-07-31 21:50:49,848 WARNING: ConvergenceWarning in iteration 15: lbfgs failed to converge (status=2):
ABNORMAL_TERMINATION_IN_LNSRCH.

Increase the number of iterations (max_iter) or scale the data as shown in:
    https://scikit-learn.org/stable/modules/preprocessing.html
[2024-07-31 21:50:49,848 WARNING: ConvergenceWarning in iteration 15: lbfgs failed to converge (status=2):
ABNORMAL_TERMINATION_IN_LNSRCH.

Increase the number of iterations (max_iter) or scale the data as shown in:
    https://scikit-learn.org/stable/modules/preprocessing.html
[2024-07-31 21:50:49,848 WARNING: ConvergenceWarning in iteration 15: lbfgs failed to converge (status=2):
ABNORMAL_TERMINATION_IN_LNSRCH.

Increase the number of iterations (max_iter) or scale the data as shown in:
    https://scikit-learn.org/stable/modules/preprocessing.html
[2024-07-31 21:50:49,848 WARNING: ConvergenceWarning in iteration 15: lbfgs failed to converge (status=2):
ABNORMAL_TERMINATION_IN_LNSRCH.

Increase the number of iterations (max_iter) or scale the data as shown in:
    https://scikit-learn.org/stable/modules/preprocessing.html
[2024-07-31 21:50:49,853 WARNING: ConvergenceWarning in iteration 15: lbfgs failed to converge (status=2):
ABNORMAL_TERMINATION_IN_LNSRCH.

Increase the number of iterations (max_iter) or scale the data as shown in:
    https://scikit-learn.org/stable/modules/preprocessing.html
[2024-07-31 21:50:49,853 WARNING: ConvergenceWarning in iteration 15: lbfgs failed to converge (status=2):
ABNORMAL_TERMINATION_IN_LNSRCH.

Increase the number of iterations (max_iter) or scale the data as shown in:
    https://scikit-learn.org/stable/modules/preprocessing.html
[2024-07-31 21:50:49,853 WARNING: ConvergenceWarning in iteration 15: lbfgs failed to converge (status=2):
ABNORMAL_TERMINATION_IN_LNSRCH.

Increase the number of iterations (max_iter) or scale the data as shown in:
    https://scikit-learn.org/stable/modules/preprocessing.html
[2024-07-31 21:50:49,853 WARNING: ConvergenceWarning in iteration 15: lbfgs failed to converge (status=2):
ABNORMAL_TERMINATION_IN_LNSRCH.

Increase the number of iterations (max_iter) or scale the data as shown in:
    https://scikit-learn.org/stable/modules/preprocessing.html
[2024-07-31 21:50:49,853 WARNING: ConvergenceWarning in iteration 15: lbfgs failed to converge (status=2):
ABNORMAL_TERMINATION_IN_LNSRCH.

Increase the number of iterations (max_iter) or scale the data as shown in:
    https://scikit-learn.org/stable/modules/preprocessing.html
[2024-07-31 21:50:49,853 WARNING: ConvergenceWarning in iteration 15: lbfgs failed to converge (status=2):
ABNORMAL_TERMINATION_IN_LNSRCH.

Increase the number of iterations (max_iter) or scale the data as shown in:
    https://scikit-learn.org/stable/modules/preprocessing.html
[2024-07-31 21:50:49,853 WARNING: ConvergenceWarning in iteration 15: lbfgs failed to converge (status=2):
ABNORMAL_TERMINATION_IN_LNSRCH.

Increase the number of iterations (max_iter) or scale the data as shown in:
    https://scikit-learn.org/stable/modules/preprocessing.html
[2024-07-31 21:50:49,853 WARNING: ConvergenceWarning in iteration 15: lbfgs failed to converge (status=2):
ABNORMAL_TERMINATION_IN_LNSRCH.

Increase the number of iterations (max_iter) or scale the data as shown in:
    https://scikit-learn.org/stable/modules/preprocessing.html
[2024-07-31 21:50:49,853 WARNING: ConvergenceWarning in iteration 15: lbfgs failed to converge (status=2):
ABNORMAL_TERMINATION_IN_LNSRCH.

Increase the number of iterations (max_iter) or scale the data as shown in:
    https://scikit-learn.org/stable/modules/preprocessing.html
[2024-07-31 21:50:49,854 WARNING: ConvergenceWarning in iteration 15: lbfgs failed to converge (status=2):
ABNORMAL_TERMINATION_IN_LNSRCH.

Increase the number of iterations (max_iter) or scale the data as shown in:
    https://scikit-learn.org/stable/modules/preprocessing.html
[2024-07-31 21:50:49,854 WARNING: ConvergenceWarning in iteration 15: lbfgs failed to converge (status=2):
ABNORMAL_TERMINATION_IN_LNSRCH.

Increase the number of iterations (max_iter) or scale the data as shown in:
    https://scikit-learn.org/stable/modules/preprocessing.html
[2024-07-31 21:50:49,854 WARNING: ConvergenceWarning in iteration 15: lbfgs failed to converge (status=2):
ABNORMAL_TERMINATION_IN_LNSRCH.

Increase the number of iterations (max_iter) or scale the data as shown in:
    https://scikit-learn.org/stable/modules/preprocessing.html
[2024-07-31 21:50:49,854 WARNING: ConvergenceWarning in iteration 15: lbfgs failed to converge (status=2):
ABNORMAL_TERMINATION_IN_LNSRCH.

Increase the number of iterations (max_iter) or scale the data as shown in:
    https://scikit-learn.org/stable/modules/preprocessing.html
[2024-07-31 21:50:49,854 WARNING: ConvergenceWarning in iteration 15: The optimal value found for dimension 0 of parameter k2__length_scale is close to the specified lower bound 0.001. Decreasing the bound and calling fit again may find a better value.
